<?xml version="1.0" encoding="UTF-8"?>
<testng-results ignored="0" total="1" passed="1" failed="0" skipped="0">
  <reporter-output>
  </reporter-output>
  <suite started-at="2022-09-16T00:04:11 IST" name="Surefire suite" finished-at="2022-09-16T00:04:48 IST" duration-ms="37560">
    <groups>
    </groups>
    <test started-at="2022-09-16T00:04:11 IST" name="Surefire test" finished-at="2022-09-16T00:04:48 IST" duration-ms="37560">
      <class name="Programs.Datadriventesting">
        <test-method is-config="true" signature="Bt()[pri:0, instance:Programs.Datadriventesting@2a266d09]" started-at="2022-09-16T00:04:11 IST" name="Bt" finished-at="2022-09-16T00:04:18 IST" duration-ms="7519" status="PASS">
          <reporter-output>
          </reporter-output>
        </test-method> <!-- Bt -->
        <test-method signature="Ecxelsheet()[pri:0, instance:Programs.Datadriventesting@2a266d09]" started-at="2022-09-16T00:04:18 IST" name="Ecxelsheet" finished-at="2022-09-16T00:04:48 IST" duration-ms="29969" status="PASS">
          <reporter-output>
          </reporter-output>
        </test-method> <!-- Ecxelsheet -->
      </class> <!-- Programs.Datadriventesting -->
    </test> <!-- Surefire test -->
  </suite> <!-- Surefire suite -->
</testng-results>
